<?xml version="1.0" encoding="UTF-8"?>
<!-- Generated by org.testng.reporters.JUnitReportReporter -->
<testsuite skipped="0" hostname="TK-LPT-0050" name="QAClick.SQA.ExtentReport" tests="1" failures="0" timestamp="30 Nov 2020 07:47:47 GMT" time="8.524" errors="0">
  <testcase name="intialDemo" time="8.524" classname="QAClick.SQA.ExtentReport"/>
</testsuite> <!-- QAClick.SQA.ExtentReport -->
