<?xml version="1.0" encoding="UTF-8"?>
<!-- Generated by org.testng.reporters.JUnitReportReporter -->
<testsuite skipped="0" hostname="TK-LPT-0050" name="QAClick.SQA.RestAssured" tests="2" failures="0" timestamp="27 Nov 2020 10:27:04 GMT" time="0.008" errors="0">
  <testcase name="RestAssured2" time="0.006" classname="QAClick.SQA.RestAssured"/>
  <testcase name="RestAssured1" time="0.002" classname="QAClick.SQA.RestAssured"/>
</testsuite> <!-- QAClick.SQA.RestAssured -->
