<?xml version="1.0" encoding="UTF-8"?>
<!-- Generated by org.testng.reporters.JUnitReportReporter -->
<testsuite skipped="0" hostname="TK-LPT-0050" name="QAClick.SQA.SeleniumWebdriver" tests="2" failures="0" timestamp="27 Nov 2020 10:27:04 GMT" time="0.019" errors="0">
  <testcase name="SeleniumWebdriver1" time="0.011" classname="QAClick.SQA.SeleniumWebdriver"/>
  <testcase name="SeleniumWebdriver2" time="0.008" classname="QAClick.SQA.SeleniumWebdriver"/>
</testsuite> <!-- QAClick.SQA.SeleniumWebdriver -->
