<?xml version="1.0" encoding="UTF-8"?>
<!-- Generated by org.testng.reporters.JUnitReportReporter -->
<testsuite skipped="0" hostname="TK-LPT-0050" name="QAClick.SQA.Appium" tests="2" failures="0" timestamp="27 Nov 2020 10:27:04 GMT" time="0.031" errors="0">
  <testcase name="Appiumcase2" time="0.002" classname="QAClick.SQA.Appium"/>
  <testcase name="Appiumcase1" time="0.029" classname="QAClick.SQA.Appium"/>
</testsuite> <!-- QAClick.SQA.Appium -->
